<?xml version="1.0" encoding="utf-8"?><testsuites name="pytest tests"><testsuite name="pytest" errors="0" failures="0" skipped="0" tests="23" time="3.248" timestamp="2026-09-13T12:55:19.300202+00:00" hostname="agent-env-48b21ecd-b1e4-4ae7-95da-81be223c8a31"><testcase classname="tests.test_kebab_pos.TestAuth" name="test_login_pin_ok" time="0.469" /><testcase classname="tests.test_kebab_pos.TestAuth" name="test_login_pin_wrong" time="0.444" /><testcase classname="tests.test_kebab_pos.TestShiftAndTxn" name="test_start_shift" time="0.915" /><testcase classname="tests.test_kebab_pos.TestShiftAndTxn" name="test_active_shift" time="0.289" /><testcase classname="tests.test_kebab_pos.TestAuth" name="test_login_admin_ok" time="0.291" /><testcase classname="tests.test_kebab_pos.TestShiftAndTxn" name="test_create_transaction" time="0.475" /><testcase classname="tests.test_kebab_pos.TestAuth" name="test_login_admin_wrong" time="0.286" /><testcase classname="tests.test_kebab_pos.TestCatalog" name="test_list_products_seeded" time="0.072" /><testcase classname="tests.test_kebab_pos.TestCatalog" name="test_list_toppings_seeded" time="0.072" /><testcase classname="tests.test_kebab_pos.TestCatalog" name="test_product_crud" time="0.469" /><testcase classname="tests.test_kebab_pos.TestShiftAndTxn" name="test_get_transaction" time="0.064" /><testcase classname="tests.test_kebab_pos.TestShiftAndTxn" name="test_list_transactions" time="0.077" /><testcase classname="tests.test_kebab_pos.TestShiftAndTxn" name="test_dashboard_metrics" time="0.108" /><testcase classname="tests.test_kebab_pos.TestShiftAndTxn" name="test_end_shift_and_report" time="0.251" /><testcase classname="tests.test_kebab_pos.TestCatalog" name="test_topping_crud" time="0.371" /><testcase classname="tests.test_kebab_pos.TestNewFeatures" name="test_start_new_shift" time="0.066" /><testcase classname="tests.test_kebab_pos.TestNewFeatures" name="test_txn_with_discount_and_voucher" time="0.271" /><testcase classname="tests.test_kebab_pos.TestVouchers" name="test_voucher_uppercase" time="0.110" /><testcase classname="tests.test_kebab_pos.TestNewFeatures" name="test_split_payment_transaction" time="0.118" /><testcase classname="tests.test_kebab_pos.TestVouchers" name="test_voucher_lowercase_normalized" time="0.106" /><testcase classname="tests.test_kebab_pos.TestNewFeatures" name="test_shift_report_split_totals" time="0.306" /><testcase classname="tests.test_kebab_pos.TestVouchers" name="test_voucher_promo5" time="0.107" /><testcase classname="tests.test_kebab_pos.TestVouchers" name="test_voucher_invalid_404" time="0.064" /></testsuite></testsuites>