<?xml version="1.0" encoding="utf-8"?><testsuites name="pytest tests"><testsuite name="pytest" errors="0" failures="0" skipped="0" tests="5" time="1.662" timestamp="2026-09-13T12:43:53.229351+00:00" hostname="agent-env-48b21ecd-b1e4-4ae7-95da-81be223c8a31"><testcase classname="tests.test_kebab_pos.TestCatalog" name="test_list_products_seeded" time="0.147" /><testcase classname="tests.test_kebab_pos.TestAuth" name="test_login_pin_ok" time="0.400" /><testcase classname="tests.test_kebab_pos.TestAuth" name="test_login_pin_wrong" time="0.307" /><testcase classname="tests.test_kebab_pos.TestAuth" name="test_login_admin_ok" time="0.304" /><testcase classname="tests.test_kebab_pos.TestAuth" name="test_login_admin_wrong" time="0.293" /></testsuite></testsuites>